<?xml version="1.0" encoding="UTF-8"?>
<testsuite xmlns:xsi="http://www.w3.org/2001/XMLSchema-instance" xsi:noNamespaceSchemaLocation="https://maven.apache.org/surefire/maven-surefire-plugin/xsd/surefire-test-report.xsd" version="3.0.2" name="org.jwcarman.methodical.MethodInvokerFactoryTest" time="0.047" tests="11" errors="0" skipped="0" failures="0" flakes="0">
  <properties>
[...]
</properties>
  <testcase name="shouldSkipNonSupportingResolver" classname="org.jwcarman.methodical.MethodInvokerFactoryTest" time="0.029"/>
  <testcase name="shouldReturnNullForBoxedVoidReturnType" classname="org.jwcarman.methodical.MethodInvokerFactoryTest" time="0.003"/>
  <testcase name="shouldWrapIllegalAccessInMethodInvocationException" classname="org.jwcarman.methodical.MethodInvokerFactoryTest" time="0.001"/>
  <testcase name="shouldPassNullWhenNoResolverMatches" classname="org.jwcarman.methodical.MethodInvokerFactoryTest" time="0.001"/>
  <testcase name="shouldResolveGenericTypes" classname="org.jwcarman.methodical.MethodInvokerFactoryTest" time="0.0"/>
  <testcase name="shouldInvokeMethodWithResolverProvidedParams" classname="org.jwcarman.methodical.MethodInvokerFactoryTest" time="0.0"/>
  <testcase name="shouldInvokeMethodWithNoParams" classname="org.jwcarman.methodical.MethodInvokerFactoryTest" time="0.001"/>
  <testcase name="shouldWrapCheckedExceptionInMethodInvocationException" classname="org.jwcarman.methodical.MethodInvokerFactoryTest" time="0.001"/>
  <testcase name="shouldUnwrapAndRethrowRuntimeException" classname="org.jwcarman.methodical.MethodInvokerFactoryTest" time="0.001"/>
  <testcase name="shouldReturnNullForVoidReturnType" classname="org.jwcarman.methodical.MethodInvokerFactoryTest" time="0.0"/>
  <testcase name="shouldUseFirstSupportingResolver" classname="org.jwcarman.methodical.MethodInvokerFactoryTest" time="0.0"/>
</testsuite>