<?xml version="1.0" encoding="UTF-8"?>
<testsuite xmlns:xsi="http://www.w3.org/2001/XMLSchema-instance" xsi:noNamespaceSchemaLocation="https://maven.apache.org/surefire/maven-surefire-plugin/xsd/surefire-test-report.xsd" version="3.0.2" name="org.jwcarman.methodical.gson.GsonParameterResolverTest" time="0.047" tests="9" errors="0" skipped="0" failures="0" flakes="0">
  <properties>
[...]
</properties>
  <testcase name="shouldDeserializeComplexTypes" classname="org.jwcarman.methodical.gson.GsonParameterResolverTest" time="0.034"/>
  <testcase name="shouldReturnNullForJsonNullParams" classname="org.jwcarman.methodical.gson.GsonParameterResolverTest" time="0.0"/>
  <testcase name="shouldReturnNullForArrayOutOfBounds" classname="org.jwcarman.methodical.gson.GsonParameterResolverTest" time="0.0"/>
  <testcase name="shouldReturnNullForMissingKey" classname="org.jwcarman.methodical.gson.GsonParameterResolverTest" time="0.0"/>
  <testcase name="shouldResolveFromArrayParamsByPosition" classname="org.jwcarman.methodical.gson.GsonParameterResolverTest" time="0.0"/>
  <testcase name="shouldAlwaysReturnTrueForSupports" classname="org.jwcarman.methodical.gson.GsonParameterResolverTest" time="0.001"/>
  <testcase name="shouldReturnNullForNullParams" classname="org.jwcarman.methodical.gson.GsonParameterResolverTest" time="0.001"/>
  <testcase name="shouldResolveFromObjectParamsByName" classname="org.jwcarman.methodical.gson.GsonParameterResolverTest" time="0.0"/>
  <testcase name="shouldReturnNullForNullNodeValue" classname="org.jwcarman.methodical.gson.GsonParameterResolverTest" time="0.0"/>
</testsuite>